TN:
SF:src/common/ERC2771Context.sol
FN:12,ERC2771Context._onlySmartAccount
FNDA:0,ERC2771Context._onlySmartAccount
DA:13,0
BRDA:13,0,0,-
BRDA:13,0,1,-
DA:14,0
FN:18,ERC2771Context._msgSender
FNDA:0,ERC2771Context._msgSender
DA:20,0
FN:24,ERC2771Context._manager
FNDA:4,ERC2771Context._manager
DA:25,4
FNF:3
FNH:1
LF:4
LH:1
BRF:2
BRH:0
end_of_record
TN:
SF:src/common/FallbackHandler.sol
FN:111,FallbackHandler.setSafeMethod
FNDA:1,FallbackHandler.setSafeMethod
DA:112,1
DA:113,1
DA:114,1
DA:115,1
FN:120,FallbackHandler.
FNDA:1,FallbackHandler.
DA:121,1
BRDA:121,0,0,-
BRDA:121,0,1,1
DA:122,1
DA:123,1
BRDA:123,1,0,-
BRDA:123,1,1,1
DA:125,1
BRDA:125,2,0,-
BRDA:125,2,1,1
DA:126,1
DA:130,0
FN:66,ExtensibleBase._setSafeMethod
FNDA:1,ExtensibleBase._setSafeMethod
DA:67,1
DA:68,1
DA:69,1
DA:71,1
BRDA:71,0,0,-
BRDA:71,0,1,1
DA:72,0
DA:73,0
DA:75,1
DA:76,1
BRDA:76,1,0,1
BRDA:76,1,1,-
DA:77,1
DA:79,0
FN:84,ExtensibleBase._getContext
FNDA:1,ExtensibleBase._getContext
DA:85,1
DA:86,1
FN:89,ExtensibleBase._getContextAndHandler
FNDA:1,ExtensibleBase._getContextAndHandler
DA:94,1
DA:95,1
FN:144,MarshalLib.encode
FNDA:0,MarshalLib.encode
DA:145,0
FN:148,MarshalLib.encodeWithSelector
FNDA:0,MarshalLib.encodeWithSelector
DA:157,0
FN:169,MarshalLib.decode
FNDA:3,MarshalLib.decode
DA:173,3
DA:174,3
FN:178,MarshalLib.decodeWithSelector
FNDA:0,MarshalLib.decodeWithSelector
DA:186,0
DA:187,0
DA:188,0
FNF:9
FNH:6
LF:31
LH:22
BRF:10
BRH:5
end_of_record
TN:
SF:src/common/IERC7484Registry.sol
FN:32,RegistryAdapterForSingletons._setAttester
FNDA:0,RegistryAdapterForSingletons._setAttester
DA:33,0
FN:36,RegistryAdapterForSingletons._enforceRegistryCheck
FNDA:8,RegistryAdapterForSingletons._enforceRegistryCheck
DA:37,8
FNF:2
FNH:1
LF:2
LH:1
BRF:0
BRH:0
end_of_record
TN:
SF:src/common/erc4337/UserOperation.sol
FN:40,UserOperationLib.getSender
FNDA:0,UserOperationLib.getSender
DA:41,0
DA:44,0
DA:46,0
FN:51,UserOperationLib.gasPrice
FNDA:0,UserOperationLib.gasPrice
DA:53,0
DA:54,0
DA:55,0
BRDA:55,0,0,-
BRDA:55,0,1,-
DA:57,0
DA:59,0
FN:63,UserOperationLib.pack
FNDA:0,UserOperationLib.pack
DA:64,0
DA:65,0
DA:66,0
DA:67,0
DA:68,0
DA:69,0
DA:70,0
DA:71,0
DA:72,0
DA:73,0
DA:75,0
FN:89,UserOperationLib.hash
FNDA:0,UserOperationLib.hash
DA:90,0
FN:93,UserOperationLib.min
FNDA:0,UserOperationLib.min
DA:94,0
FNF:5
FNH:0
LF:21
LH:0
BRF:2
BRH:0
end_of_record
TN:
SF:src/core/ComposableCondition.sol
FN:21,ComposableConditionManager.checkCondition
FNDA:5,ComposableConditionManager.checkCondition
DA:29,5
DA:30,5
BRDA:30,0,0,1
BRDA:30,0,1,4
DA:31,1
DA:33,4
DA:34,4
BRDA:34,1,0,1
BRDA:34,1,1,3
DA:35,1
DA:37,3
DA:38,3
BRDA:38,2,0,1
BRDA:38,2,1,2
DA:40,2
DA:41,2
DA:43,2
BRDA:42,3,0,-
BRDA:42,3,1,1
DA:48,0
DA:51,1
FN:54,ComposableConditionManager._conditionDigest
FNDA:3,ComposableConditionManager._conditionDigest
DA:59,11
FN:62,ComposableConditionManager.setHash
FNDA:5,ComposableConditionManager.setHash
DA:63,5
DA:64,5
FN:67,ComposableConditionManager.getHash
FNDA:2,ComposableConditionManager.getHash
DA:68,2
FNF:4
FNH:4
LF:17
LH:16
BRF:8
BRH:7
end_of_record
TN:
SF:src/core/ExecutorManager.sol
FN:50,ExecutorManager.setTrustedAttester
FNDA:0,ExecutorManager.setTrustedAttester
DA:51,0
FN:59,ExecutorManager.enableExecutor
FNDA:6,ExecutorManager.enableExecutor
DA:67,6
DA:69,6
DA:71,6
BRDA:71,0,0,-
BRDA:71,0,1,6
DA:72,0
DA:75,6
BRDA:75,1,0,4
BRDA:75,1,1,6
DA:76,4
DA:77,4
DA:80,6
DA:81,6
DA:82,6
DA:84,6
FN:91,ExecutorManager.disableExecutor
FNDA:3,ExecutorManager.disableExecutor
DA:98,3
DA:99,3
DA:101,3
BRDA:101,2,0,-
BRDA:101,2,1,3
DA:102,0
DA:105,3
DA:106,3
DA:108,3
DA:109,3
DA:110,3
FN:117,ExecutorManager.isExecutorEnabled
FNDA:8,ExecutorManager.isExecutorEnabled
DA:118,10
DA:119,10
FN:122,ExecutorManager.executeTransaction
FNDA:2,ExecutorManager.executeTransaction
DA:131,2
DA:132,2
DA:135,2
DA:136,2
DA:137,2
DA:140,2
BRDA:140,3,0,-
BRDA:140,3,1,2
DA:141,0
DA:145,2
DA:150,2
BRDA:150,4,0,-
BRDA:150,4,1,2
DA:151,0
DA:153,2
FN:167,ExecutorManager.getExecutorsPaginated
FNDA:3,ExecutorManager.getExecutorsPaginated
DA:176,3
BRDA:176,5,0,-
BRDA:176,5,1,3
DA:177,0
DA:180,3
BRDA:180,6,0,-
BRDA:180,6,1,3
DA:181,0
DA:184,3
DA:187,3
DA:188,3
DA:189,8
DA:190,5
DA:191,5
DA:192,5
DA:196,3
BRDA:196,7,0,-
BRDA:196,7,1,3
DA:197,0
DA:208,3
BRDA:208,8,0,-
BRDA:208,8,1,-
DA:209,0
FNF:6
FNH:5
LF:49
LH:40
BRF:18
BRH:9
end_of_record
TN:
SF:src/core/Rhinestone4337.sol
FN:47,Rhinestone4337.init
FNDA:6,Rhinestone4337.init
DA:48,6
DA:49,6
DA:50,6
FN:53,Rhinestone4337.addValidator
FNDA:1,Rhinestone4337.addValidator
DA:54,1
DA:55,1
FN:58,Rhinestone4337.removeValidator
FNDA:1,Rhinestone4337.removeValidator
DA:59,1
DA:61,1
FN:64,Rhinestone4337.getValidatorPaginated
FNDA:1,Rhinestone4337.getValidatorPaginated
DA:73,1
FN:76,Rhinestone4337.isValidatorEnabled
FNDA:2,Rhinestone4337.isValidatorEnabled
DA:77,2
FN:83,Rhinestone4337.validateUserOp
FNDA:12,Rhinestone4337.validateUserOp
DA:91,12
DA:96,12
BRDA:96,0,0,-
BRDA:96,0,1,12
DA:100,12
DA:102,12
BRDA:102,1,0,-
BRDA:102,1,1,12
DA:105,12
DA:107,12
BRDA:107,2,0,12
BRDA:107,2,1,12
DA:108,12
DA:110,12
FN:124,Rhinestone4337.encodeOperationData
FNDA:0,Rhinestone4337.encodeOperationData
DA:139,0
DA:154,0
FN:157,Rhinestone4337._validateSignatures
FNDA:12,Rhinestone4337._validateSignatures
DA:163,12
DA:164,12
DA:166,12
BRDA:166,3,0,12
BRDA:166,3,1,-
DA:167,0
DA:170,0
BRDA:170,4,0,-
BRDA:170,4,1,-
DA:172,0
DA:173,0
BRDA:173,5,0,-
BRDA:173,5,1,-
FN:176,Rhinestone4337.checkAndExecTransactionFromModule
FNDA:12,Rhinestone4337.checkAndExecTransactionFromModule
DA:186,12
DA:187,12
DA:188,12
DA:190,12
DA:197,12
FN:201,Rhinestone4337.isValidSignature
FNDA:0,Rhinestone4337.isValidSignature
DA:209,0
DA:210,0
DA:212,0
BRDA:212,6,0,-
BRDA:212,6,1,-
DA:213,0
FN:223,Rhinestone4337.domainSeparator
FNDA:0,Rhinestone4337.domainSeparator
DA:224,0
FNF:11
FNH:8
LF:36
LH:25
BRF:14
BRH:5
end_of_record
TN:
SF:src/modulekit/ConditionalExecutorBase.sol
FN:19,ConditionalExecutor._checkConditions
FNDA:0,ConditionalExecutor._checkConditions
DA:26,0
FNF:1
FNH:0
LF:1
LH:0
BRF:0
BRH:0
end_of_record
TN:
SF:src/modulekit/IExecutor.sol
FN:75,ModuleExecLib.exec
FNDA:0,ModuleExecLib.exec
DA:82,0
DA:83,0
DA:85,0
DA:86,0
DA:88,0
FN:91,ModuleExecLib.exec
FNDA:0,ModuleExecLib.exec
DA:98,0
DA:99,0
DA:101,0
FN:104,ModuleExecLib.exec
FNDA:0,ModuleExecLib.exec
DA:112,0
DA:113,0
DA:114,0
FNF:3
FNH:0
LF:11
LH:0
BRF:0
BRH:0
end_of_record
TN:
SF:src/modulekit/ValidatorBase.sol
FN:7,ValidatorBase.isValidSignature
FNDA:0,ValidatorBase.isValidSignature
DA:17,0
FN:20,ValidatorBase.validateUserOp
FNDA:0,ValidatorBase.validateUserOp
DA:29,0
FN:32,ValidatorBase.supportsInterface
FNDA:0,ValidatorBase.supportsInterface
FNF:3
FNH:0
LF:2
LH:0
BRF:0
BRH:0
end_of_record
TN:
SF:src/modulekit/conditions/ChainlinkPriceCondition.sol
FN:19,ChainlinkPriceCondition.checkCondition
FNDA:0,ChainlinkPriceCondition.checkCondition
DA:29,0
DA:31,0
DA:33,0
BRDA:33,0,0,-
BRDA:33,0,1,-
DA:34,0
BRDA:34,1,0,-
BRDA:34,1,1,-
DA:35,0
DA:37,0
BRDA:37,2,0,-
BRDA:37,2,1,-
DA:38,0
BRDA:38,3,0,-
BRDA:38,3,1,-
DA:39,0
DA:42,0
FNF:1
FNH:0
LF:9
LH:0
BRF:8
BRH:0
end_of_record
TN:
SF:src/modulekit/conditions/GasPriceCondition.sol
FN:11,GasPriceCondition.checkCondition
FNDA:0,GasPriceCondition.checkCondition
DA:20,0
DA:21,0
BRDA:21,0,0,-
BRDA:21,0,1,-
FNF:1
FNH:0
LF:2
LH:0
BRF:2
BRH:0
end_of_record
TN:
SF:src/modulekit/conditions/helpers/ChainlinkTokenPrice.sol
FN:16,ChainlinkTokenPrice.getRoundInfo
FNDA:0,ChainlinkTokenPrice.getRoundInfo
DA:25,0
DA:27,0
BRDA:27,0,0,-
BRDA:27,0,1,-
DA:28,0
DA:30,0
DA:34,0
BRDA:34,1,0,-
BRDA:34,1,1,-
DA:36,0
FN:39,ChainlinkTokenPrice.getWStEthPrice
FNDA:0,ChainlinkTokenPrice.getWStEthPrice
DA:40,0
FN:46,ChainlinkTokenPrice.getRoundInfo
FNDA:0,ChainlinkTokenPrice.getRoundInfo
DA:54,0
DA:55,0
DA:57,0
FN:65,ChainlinkTokenPrice.getPriceInUSD
FNDA:0,ChainlinkTokenPrice.getPriceInUSD
DA:66,0
DA:68,0
DA:69,0
DA:70,0
BRDA:70,2,0,-
BRDA:70,2,1,-
DA:71,0
DA:73,0
BRDA:73,3,0,-
BRDA:73,3,1,-
DA:74,0
DA:77,0
BRDA:77,4,0,-
BRDA:77,4,1,-
DA:78,0
BRDA:78,5,0,-
BRDA:78,5,1,-
DA:79,0
FN:88,ChainlinkTokenPrice.getPriceInETH
FNDA:0,ChainlinkTokenPrice.getPriceInETH
DA:89,0
DA:91,0
DA:92,0
BRDA:92,6,0,-
BRDA:92,6,1,-
DA:93,0
DA:94,0
DA:95,0
BRDA:95,7,0,-
BRDA:95,7,1,-
DA:96,0
BRDA:96,8,0,-
BRDA:96,8,1,-
DA:97,0
DA:100,0
DA:101,0
BRDA:101,9,0,-
BRDA:101,9,1,-
DA:103,0
DA:104,0
BRDA:104,10,0,-
BRDA:104,10,1,-
DA:106,0
FN:110,ChainlinkTokenPrice.getChainlinkPriceInUSD
FNDA:0,ChainlinkTokenPrice.getChainlinkPriceInUSD
DA:118,0
FN:134,ChainlinkTokenPrice.getChainlinkPriceInETH
FNDA:0,ChainlinkTokenPrice.getChainlinkPriceInETH
DA:139,0
FN:150,ChainlinkTokenPrice.getAddrForChainlinkOracle
FNDA:0,ChainlinkTokenPrice.getAddrForChainlinkOracle
DA:155,0
BRDA:155,11,0,-
BRDA:155,11,1,-
DA:156,0
DA:157,0
BRDA:157,12,0,-
BRDA:157,12,1,-
DA:158,0
DA:159,0
BRDA:159,13,0,-
BRDA:159,13,1,-
DA:160,0
DA:162,0
FN:166,ChainlinkTokenPrice.getWBtcPrice
FNDA:0,ChainlinkTokenPrice.getWBtcPrice
DA:167,0
DA:168,0
FN:172,ChainlinkTokenPrice.getAaveTokenPriceInETH
FNDA:0,ChainlinkTokenPrice.getAaveTokenPriceInETH
DA:173,0
DA:175,0
FN:179,ChainlinkTokenPrice.getAaveTokenPriceInUSD
FNDA:0,ChainlinkTokenPrice.getAaveTokenPriceInUSD
DA:180,0
DA:181,0
DA:183,0
FN:188,ChainlinkTokenPrice.wmul
FNDA:0,ChainlinkTokenPrice.wmul
DA:189,0
FN:192,ChainlinkTokenPrice.wdiv
FNDA:0,ChainlinkTokenPrice.wdiv
DA:193,0
FNF:13
FNH:0
LF:51
LH:0
BRF:28
BRH:0
end_of_record
TN:
SF:src/modulekit/integrations/ERC20Actions.sol
FN:15,ERC20ModuleKit.approveAction
FNDA:0,ERC20ModuleKit.approveAction
DA:24,0
FN:31,ERC20ModuleKit.transferAction
FNDA:0,ERC20ModuleKit.transferAction
DA:40,0
FN:47,ERC20ModuleKit.transferFromAction
FNDA:0,ERC20ModuleKit.transferFromAction
DA:57,0
FN:64,ERC20ModuleKit.depositWethAction
FNDA:0,ERC20ModuleKit.depositWethAction
DA:69,0
FN:76,ERC20ModuleKit.withdrawWethAction
FNDA:0,ERC20ModuleKit.withdrawWethAction
DA:81,0
FN:88,ERC20ModuleKit.getBalance
FNDA:0,ERC20ModuleKit.getBalance
DA:89,0
BRDA:89,0,0,-
BRDA:89,0,1,-
DA:90,0
DA:92,0
FNF:6
FNH:0
LF:8
LH:0
BRF:2
BRH:0
end_of_record
TN:
SF:src/modulekit/integrations/er4626/ERC4626Deposit.sol
FN:19,ERC4626Deposit._depositAction
FNDA:0,ERC4626Deposit._depositAction
DA:28,0
FN:35,ERC4626Deposit._mintAction
FNDA:0,ERC4626Deposit._mintAction
DA:44,0
FN:51,ERC4626Deposit.approveAndDeposit
FNDA:0,ERC4626Deposit.approveAndDeposit
DA:61,0
DA:63,0
DA:64,0
DA:65,0
DA:67,0
DA:68,0
DA:69,0
DA:71,0
DA:72,0
BRDA:72,0,0,-
BRDA:72,0,1,-
DA:74,0
FN:77,ERC4626Deposit.deposit
FNDA:0,ERC4626Deposit.deposit
DA:86,0
FN:89,ERC4626Deposit.deposit
FNDA:0,ERC4626Deposit.deposit
DA:99,0
DA:100,0
DA:101,0
DA:102,0
DA:103,0
DA:105,0
DA:107,0
FN:110,ERC4626Deposit.mint
FNDA:0,ERC4626Deposit.mint
DA:120,0
DA:121,0
DA:123,0
DA:124,0
DA:125,0
DA:127,0
DA:129,0
FNF:6
FNH:0
LF:27
LH:0
BRF:2
BRH:0
end_of_record
TN:
SF:src/modulekit/integrations/er4626/ERC4626Withdraw.sol
FN:16,ERC4626Withdraw._withdrawAction
FNDA:0,ERC4626Withdraw._withdrawAction
DA:26,0
FN:33,ERC4626Withdraw._redeemAction
FNDA:0,ERC4626Withdraw._redeemAction
DA:43,0
FN:50,ERC4626Withdraw.withdraw
FNDA:0,ERC4626Withdraw.withdraw
DA:60,0
DA:62,0
DA:63,0
BRDA:63,0,0,-
BRDA:63,0,1,-
DA:65,0
DA:67,0
FN:70,ERC4626Withdraw.redeem
FNDA:0,ERC4626Withdraw.redeem
DA:80,0
DA:82,0
DA:83,0
DA:84,0
FNF:4
FNH:0
LF:11
LH:0
BRF:2
BRH:0
end_of_record
TN:
SF:src/modulekit/integrations/interfaces/aave/ILendingPoolAddressesProvider.sol
FN:52,EthAddressLib.ethAddress
FNDA:0,EthAddressLib.ethAddress
DA:53,0
FNF:1
FNH:0
LF:1
LH:0
BRF:0
BRH:0
end_of_record
TN:
SF:src/modulekit/integrations/interfaces/morpho/MorphoTypesAaveV3.sol
FN:113,LogarithmicBuckets.update
FNDA:0,LogarithmicBuckets.update
DA:121,0
BRDA:121,0,0,-
BRDA:121,0,1,-
DA:122,0
DA:123,0
DA:125,0
BRDA:125,1,0,-
BRDA:125,1,1,-
DA:126,0
BRDA:126,2,0,-
BRDA:126,2,1,-
DA:127,0
DA:128,0
DA:131,0
DA:132,0
BRDA:132,3,0,-
BRDA:132,3,1,-
DA:133,0
DA:134,0
DA:137,0
DA:138,0
BRDA:138,4,0,-
BRDA:138,4,1,-
DA:139,0
DA:140,0
FN:148,LogarithmicBuckets.getMatch
FNDA:0,LogarithmicBuckets.getMatch
DA:149,0
DA:150,0
BRDA:150,5,0,-
BRDA:150,5,1,-
DA:151,0
DA:153,0
DA:155,0
BRDA:155,6,0,-
BRDA:155,6,1,-
DA:157,0
DA:159,0
FN:169,LogarithmicBuckets._remove
FNDA:0,LogarithmicBuckets._remove
DA:170,0
BRDA:170,7,0,-
BRDA:170,7,1,-
FN:180,LogarithmicBuckets._insert
FNDA:0,LogarithmicBuckets._insert
DA:181,0
BRDA:181,8,0,-
BRDA:181,8,1,-
FN:187,LogarithmicBuckets.computeBucket
FNDA:0,LogarithmicBuckets.computeBucket
DA:188,0
DA:189,0
FN:194,LogarithmicBuckets.setLowerBits
FNDA:0,LogarithmicBuckets.setLowerBits
DA:196,0
DA:197,0
DA:198,0
DA:199,0
DA:200,0
DA:201,0
DA:202,0
DA:203,0
FN:209,LogarithmicBuckets.nextBucket
FNDA:0,LogarithmicBuckets.nextBucket
DA:219,0
FN:225,LogarithmicBuckets.prevBucket
FNDA:0,LogarithmicBuckets.prevBucket
DA:226,0
DA:227,0
FN:21,BucketDLL.getHead
FNDA:0,BucketDLL.getHead
DA:22,0
FN:28,BucketDLL.getTail
FNDA:0,BucketDLL.getTail
DA:29,0
FN:36,BucketDLL.getNext
FNDA:0,BucketDLL.getNext
DA:37,0
FN:44,BucketDLL.getPrev
FNDA:0,BucketDLL.getPrev
DA:45,0
FN:53,BucketDLL.remove
FNDA:0,BucketDLL.remove
DA:54,0
DA:55,0
DA:56,0
DA:58,0
DA:59,0
DA:61,0
DA:63,0
FN:72,BucketDLL.insert
FNDA:0,BucketDLL.insert
DA:73,0
BRDA:73,0,0,-
BRDA:73,0,1,-
DA:74,0
DA:75,0
DA:76,0
DA:77,0
DA:78,0
DA:80,0
DA:81,0
DA:82,0
DA:83,0
DA:84,0
FNF:14
FNH:0
LF:59
LH:0
BRF:20
BRH:0
end_of_record
TN:
SF:src/modulekit/integrations/yearn/YearnDeposit.sol
FN:15,YearnDeposit._depositAction
FNDA:0,YearnDeposit._depositAction
DA:24,0
FN:31,YearnDeposit.deposit
FNDA:0,YearnDeposit.deposit
DA:40,0
DA:41,0
DA:43,0
DA:45,0
DA:47,0
DA:48,0
DA:50,0
DA:51,0
DA:52,0
DA:54,0
DA:55,0
BRDA:55,0,0,-
BRDA:55,0,1,-
DA:56,0
DA:57,0
BRDA:57,1,0,-
BRDA:57,1,1,-
FNF:2
FNH:0
LF:14
LH:0
BRF:4
BRH:0
end_of_record
TN:
SF:src/modulekit/integrations/yearn/YearnWithdraw.sol
FN:15,YearnWithdraw._withdrawAction
FNDA:0,YearnWithdraw._withdrawAction
DA:23,0
FN:30,YearnWithdraw.withdraw
FNDA:0,YearnWithdraw.withdraw
DA:38,0
DA:39,0
DA:41,0
DA:43,0
DA:45,0
FNF:2
FNH:0
LF:6
LH:0
BRF:0
BRH:0
end_of_record
TN:
SF:src/modulekit/lib/CheckNSignatures.sol
FN:14,CheckSignatures.recoverNSignatures
FNDA:0,CheckSignatures.recoverNSignatures
DA:23,0
DA:24,0
DA:25,0
DA:26,0
BRDA:26,0,0,-
BRDA:26,0,1,-
DA:28,0
DA:30,0
DA:31,0
DA:33,0
BRDA:33,1,0,-
BRDA:33,1,1,-
DA:36,0
DA:40,0
BRDA:40,2,0,-
BRDA:40,2,1,-
DA:41,0
DA:44,0
BRDA:44,3,0,-
BRDA:44,3,1,-
DA:45,0
DA:49,0
DA:52,0
DA:54,0
BRDA:54,4,0,-
BRDA:54,4,1,-
DA:55,0
DA:61,0
DA:65,0
DA:68,0
BRDA:67,5,0,-
BRDA:67,5,1,-
DA:70,0
DA:71,0
BRDA:71,6,0,-
BRDA:71,6,1,-
DA:74,0
DA:81,0
DA:83,0
FN:101,CheckSignatures.signatureSplit
FNDA:0,CheckSignatures.signatureSplit
DA:113,0
DA:114,0
DA:115,0
FNF:2
FNH:0
LF:28
LH:0
BRF:14
BRH:0
end_of_record
TN:
SF:src/modulekit/lib/ValidatorSelectionLib.sol
FN:7,ValidatorSelectionLib.decodeSignature
FNDA:0,ValidatorSelectionLib.decodeSignature
FN:9,ValidatorSelectionLib.decodeValidator
FNDA:0,ValidatorSelectionLib.decodeValidator
DA:14,0
DA:16,0
FN:20,ValidatorSelectionLib.decodeSignature
FNDA:0,ValidatorSelectionLib.decodeSignature
DA:25,0
FN:28,ValidatorSelectionLib.encodeValidator
FNDA:0,ValidatorSelectionLib.encodeValidator
DA:36,0
FNF:4
FNH:0
LF:4
LH:0
BRF:0
BRH:0
end_of_record
TN:
SF:src/test/mocks/DebugExecutorManager.sol
FN:16,DebugExecutorManager.executeTransaction
FNDA:0,DebugExecutorManager.executeTransaction
DA:24,0
DA:25,0
FNF:1
FNH:0
LF:2
LH:0
BRF:0
BRH:0
end_of_record
TN:
SF:src/test/mocks/MockCondition.sol
FN:7,MockCondition.checkCondition
FNDA:0,MockCondition.checkCondition
DA:16,0
FNF:1
FNH:0
LF:1
LH:0
BRF:0
BRH:0
end_of_record
TN:
SF:src/test/mocks/MockERC1271.sol
FN:22,ERC1271No.isValidSignature
FNDA:0,ERC1271No.isValidSignature
DA:32,0
FN:7,ERC1271Yes.isValidSignature
FNDA:0,ERC1271Yes.isValidSignature
DA:17,0
FNF:2
FNH:0
LF:2
LH:0
BRF:0
BRH:0
end_of_record
TN:
SF:src/test/mocks/MockExecutor.sol
FN:12,MockExecutor.exec
FNDA:2,MockExecutor.exec
DA:21,2
FN:28,MockExecutor.name
FNDA:0,MockExecutor.name
FN:30,MockExecutor.version
FNDA:0,MockExecutor.version
FN:32,MockExecutor.metadataProvider
FNDA:0,MockExecutor.metadataProvider
FN:39,MockExecutor.requiresRootAccess
FNDA:0,MockExecutor.requiresRootAccess
FN:41,MockExecutor.supportsInterface
FNDA:0,MockExecutor.supportsInterface
FNF:6
FNH:1
LF:1
LH:1
BRF:0
BRH:0
end_of_record
TN:
SF:src/test/mocks/MockProtocol.sol
FN:12,MockProtocol.cloneExecutor
FNDA:0,MockProtocol.cloneExecutor
DA:13,0
DA:14,0
DA:16,0
DA:18,0
BRDA:18,0,0,-
BRDA:18,0,1,-
DA:19,0
FN:23,MockProtocol.cloneExecutor
FNDA:0,MockProtocol.cloneExecutor
DA:31,0
DA:32,0
DA:34,0
DA:36,0
BRDA:36,1,0,-
BRDA:36,1,1,-
DA:37,0
DA:39,0
BRDA:39,2,0,-
BRDA:39,2,1,-
DA:40,0
DA:41,0
BRDA:41,3,0,-
BRDA:41,3,1,-
FN:45,MockProtocol.getClone
FNDA:0,MockProtocol.getClone
DA:46,0
FN:49,MockProtocol.getClone
FNDA:0,MockProtocol.getClone
DA:58,0
DA:59,0
FN:62,MockProtocol.calcSalt
FNDA:0,MockProtocol.calcSalt
DA:70,0
FNF:5
FNH:0
LF:17
LH:0
BRF:8
BRH:0
end_of_record
TN:
SF:src/test/mocks/MockRegistry.sol
FN:9,MockRegistry.check
FNDA:9,MockRegistry.check
DA:18,9
FN:21,MockRegistry.checkN
FNDA:1,MockRegistry.checkN
DA:31,1
DA:32,1
DA:33,1
DA:34,1
DA:36,1
FNF:2
FNH:2
LF:6
LH:6
BRF:0
BRH:0
end_of_record
TN:
SF:src/test/mocks/MockValidator.sol
FN:14,MockValidator.validateUserOp
FNDA:1,MockValidator.validateUserOp
DA:23,0
FN:26,MockValidator.isValidSignature
FNDA:1,MockValidator.isValidSignature
DA:35,1
FN:38,MockValidator.supportsInterface
FNDA:0,MockValidator.supportsInterface
FNF:3
FNH:2
LF:2
LH:1
BRF:0
BRH:0
end_of_record
TN:
SF:src/test/utils/Auxiliary.sol
FN:45,AuxiliaryFactory.init
FNDA:0,AuxiliaryFactory.init
DA:46,0
DA:47,0
DA:48,0
DA:50,0
DA:51,0
DA:52,0
DA:53,0
DA:54,0
DA:55,0
DA:56,0
DA:57,0
DA:59,0
DA:60,0
FN:63,AuxiliaryFactory.makeAuxiliary
FNDA:0,AuxiliaryFactory.makeAuxiliary
DA:71,0
FN:85,AuxiliaryLib.getModuleCloneAddress
FNDA:0,AuxiliaryLib.getModuleCloneAddress
DA:94,0
FN:97,AuxiliaryLib.deployModuleClone
FNDA:0,AuxiliaryLib.deployModuleClone
DA:105,0
FNF:4
FNH:0
LF:16
LH:0
BRF:0
BRH:0
end_of_record
TN:
SF:src/test/utils/biconomy-base/BiconomySetup.sol
FN:9,BiconomyHelpers.accountInitCode
FNDA:0,BiconomyHelpers.accountInitCode
DA:10,0
FNF:1
FNH:0
LF:1
LH:0
BRF:0
BRH:0
end_of_record
TN:
SF:src/test/utils/biconomy-base/ERC4337Helpers.sol
FN:9,ERC4337Wrappers.getBiconomy4337TxCalldata
FNDA:0,ERC4337Wrappers.getBiconomy4337TxCalldata
DA:19,0
FN:22,ERC4337Wrappers.getPartialUserOp
FNDA:0,ERC4337Wrappers.getPartialUserOp
DA:31,0
DA:34,0
DA:36,0
DA:49,0
FNF:2
FNH:0
LF:5
LH:0
BRF:0
BRH:0
end_of_record
TN:
SF:src/test/utils/biconomy-base/RhinestoneModuleKit.sol
FN:57,RhinestoneModuleKit.init
FNDA:0,RhinestoneModuleKit.init
DA:58,0
DA:59,0
DA:61,0
DA:62,0
DA:63,0
DA:65,0
DA:66,0
FN:69,RhinestoneModuleKit.makeRhinestoneAccount
FNDA:0,RhinestoneModuleKit.makeRhinestoneAccount
DA:73,0
BRDA:73,0,0,-
BRDA:73,0,1,-
DA:75,0
DA:77,0
DA:78,0
DA:80,0
FN:93,RhinestoneModuleKit.getAccountAddress
FNDA:0,RhinestoneModuleKit.getAccountAddress
DA:101,0
DA:106,0
FN:111,RhinestoneModuleKitLib.exec4337
FNDA:0,RhinestoneModuleKitLib.exec4337
DA:119,0
FN:122,RhinestoneModuleKitLib.exec4337
FNDA:0,RhinestoneModuleKitLib.exec4337
DA:131,0
FN:134,RhinestoneModuleKitLib.exec4337
FNDA:0,RhinestoneModuleKitLib.exec4337
DA:144,0
DA:145,0
DA:146,0
FN:149,RhinestoneModuleKitLib.exec4337
FNDA:0,RhinestoneModuleKitLib.exec4337
DA:159,0
DA:160,0
DA:161,0
DA:164,0
BRDA:164,0,0,-
BRDA:164,0,1,-
DA:165,0
DA:166,0
DA:167,0
DA:168,0
DA:169,0
DA:171,0
DA:173,0
DA:174,0
DA:177,0
FN:180,RhinestoneModuleKitLib.addValidator
FNDA:0,RhinestoneModuleKitLib.addValidator
DA:187,0
DA:193,0
FN:196,RhinestoneModuleKitLib.addRecovery
FNDA:0,RhinestoneModuleKitLib.addRecovery
DA:204,0
DA:210,0
FN:213,RhinestoneModuleKitLib.addExecutor
FNDA:0,RhinestoneModuleKitLib.addExecutor
DA:220,0
DA:223,0
BRDA:223,1,0,-
BRDA:223,1,1,-
DA:224,0
DA:233,0
DA:242,0
BRDA:242,2,0,-
BRDA:242,2,1,-
DA:246,0
FN:249,RhinestoneModuleKitLib.removeExecutor
FNDA:0,RhinestoneModuleKitLib.removeExecutor
DA:257,0
DA:259,0
DA:260,0
DA:262,0
BRDA:262,3,0,-
BRDA:262,3,1,-
DA:263,0
DA:265,0
DA:267,0
DA:275,0
FN:278,RhinestoneModuleKitLib.getUserOpHash
FNDA:0,RhinestoneModuleKitLib.getUserOpHash
DA:287,0
DA:288,0
DA:289,0
DA:290,0
DA:291,0
DA:292,0
DA:293,0
FN:296,RhinestoneModuleKitLib.isDeployed
FNDA:0,RhinestoneModuleKitLib.isDeployed
DA:297,0
DA:298,0
DA:300,0
DA:302,0
FNF:13
FNH:0
LF:61
LH:0
BRF:10
BRH:0
end_of_record
TN:
SF:src/test/utils/safe-base/BootstrapSafe.sol
FN:10,Bootstrap.initialize
FNDA:6,Bootstrap.initialize
DA:18,6
DA:19,6
DA:20,12
DA:21,12
DA:22,12
BRDA:22,0,0,-
BRDA:22,0,1,-
DA:23,0
DA:27,12
DA:29,12
BRDA:29,1,0,-
BRDA:29,1,1,6
DA:30,6
DA:32,12
DA:33,12
DA:46,12
DA:50,6
DA:51,6
FNF:1
FNH:1
LF:14
LH:13
BRF:4
BRH:1
end_of_record
TN:
SF:src/test/utils/safe-base/ERC4337Helpers.sol
FN:9,ERC4337Wrappers.getSafe4337TxCalldata
FNDA:0,ERC4337Wrappers.getSafe4337TxCalldata
DA:21,0
DA:24,0
DA:26,0
FN:37,ERC4337Wrappers.getPartialUserOp
FNDA:0,ERC4337Wrappers.getPartialUserOp
DA:46,0
DA:52,0
DA:54,0
DA:67,0
FNF:2
FNH:0
LF:7
LH:0
BRF:0
BRH:0
end_of_record
TN:
SF:src/test/utils/safe-base/Rhinestone4337SafeFlavour.sol
FN:18,RhinestoneSafeFlavor._execTransationOnSmartAccount
FNDA:12,RhinestoneSafeFlavor._execTransationOnSmartAccount
DA:28,12
FN:31,RhinestoneSafeFlavor._execTransationOnSmartAccount
FNDA:0,RhinestoneSafeFlavor._execTransationOnSmartAccount
DA:39,0
DA:40,0
FN:43,RhinestoneSafeFlavor._execDelegateCallOnSmartAccount
FNDA:0,RhinestoneSafeFlavor._execDelegateCallOnSmartAccount
DA:51,0
DA:52,0
FN:55,RhinestoneSafeFlavor._msgSender
FNDA:17,RhinestoneSafeFlavor._msgSender
DA:59,17
FN:63,RhinestoneSafeFlavor._prefundEntrypoint
FNDA:12,RhinestoneSafeFlavor._prefundEntrypoint
DA:72,12
FNF:5
FNH:3
LF:7
LH:3
BRF:0
BRH:0
end_of_record
TN:
SF:src/test/utils/safe-base/RhinestoneModuleKit.sol
FN:124,RhinestoneModuleKitLib.exec4337
FNDA:0,RhinestoneModuleKitLib.exec4337
DA:132,0
FN:135,RhinestoneModuleKitLib.exec4337
FNDA:0,RhinestoneModuleKitLib.exec4337
DA:144,0
FN:147,RhinestoneModuleKitLib.exec4337
FNDA:0,RhinestoneModuleKitLib.exec4337
DA:158,0
DA:159,0
DA:161,0
BRDA:161,0,0,-
BRDA:161,0,1,-
DA:163,0
DA:165,0
FN:168,RhinestoneModuleKitLib.exec4337
FNDA:0,RhinestoneModuleKitLib.exec4337
DA:178,0
DA:179,0
DA:180,0
DA:182,0
DA:184,0
DA:185,0
DA:188,0
FN:191,RhinestoneModuleKitLib.setCondition
FNDA:0,RhinestoneModuleKitLib.setCondition
DA:199,0
DA:207,0
FN:210,RhinestoneModuleKitLib.addValidator
FNDA:0,RhinestoneModuleKitLib.addValidator
DA:217,0
DA:225,0
FN:228,RhinestoneModuleKitLib.removeValidator
FNDA:0,RhinestoneModuleKitLib.removeValidator
DA:236,0
DA:238,0
DA:239,0
DA:241,0
BRDA:241,1,0,-
BRDA:241,1,1,-
DA:242,0
DA:243,0
BRDA:243,2,0,-
BRDA:243,2,1,-
DA:244,0
DA:246,0
DA:247,0
BRDA:247,3,0,-
BRDA:247,3,1,-
DA:251,0
DA:259,0
FN:262,RhinestoneModuleKitLib.addExecutor
FNDA:0,RhinestoneModuleKitLib.addExecutor
DA:269,0
DA:278,0
BRDA:278,4,0,-
BRDA:278,4,1,-
DA:282,0
FN:285,RhinestoneModuleKitLib.removeExecutor
FNDA:0,RhinestoneModuleKitLib.removeExecutor
DA:293,0
DA:295,0
DA:296,0
DA:298,0
BRDA:298,5,0,-
BRDA:298,5,1,-
DA:299,0
DA:300,0
BRDA:300,6,0,-
BRDA:300,6,1,-
DA:301,0
DA:303,0
DA:304,0
BRDA:304,7,0,-
BRDA:304,7,1,-
DA:308,0
DA:310,0
DA:318,0
FN:321,RhinestoneModuleKitLib.addFallback
FNDA:0,RhinestoneModuleKitLib.addFallback
DA:329,0
DA:330,0
FN:340,RhinestoneModuleKitLib.getUserOpHash
FNDA:0,RhinestoneModuleKitLib.getUserOpHash
DA:350,0
DA:351,0
DA:352,0
DA:353,0
DA:354,0
DA:355,0
DA:356,0
FN:359,RhinestoneModuleKitLib.isDeployed
FNDA:0,RhinestoneModuleKitLib.isDeployed
DA:360,0
DA:361,0
DA:363,0
DA:365,0
FN:52,RhinestoneModuleKit.init
FNDA:0,RhinestoneModuleKit.init
DA:53,0
DA:54,0
DA:55,0
DA:56,0
DA:57,0
DA:58,0
DA:59,0
DA:61,0
DA:69,0
DA:70,0
DA:71,0
DA:72,0
FN:75,RhinestoneModuleKit.makeRhinestoneAccount
FNDA:0,RhinestoneModuleKit.makeRhinestoneAccount
DA:79,0
BRDA:79,0,0,-
BRDA:79,0,1,-
DA:81,0
DA:83,0
DA:94,0
FN:97,RhinestoneModuleKit.getAccountAddress
FNDA:0,RhinestoneModuleKit.getAccountAddress
DA:105,0
DA:108,0
DA:109,0
DA:112,0
DA:113,0
DA:116,0
FNF:15
FNH:0
LF:79
LH:0
BRF:18
BRH:0
end_of_record
TN:
SF:src/test/utils/safe-base/SafeExecutorManager.sol
FN:12,SafeExecutorManager._execTransationOnSmartAccount
FNDA:2,SafeExecutorManager._execTransationOnSmartAccount
DA:22,2
FNF:1
FNH:1
LF:1
LH:1
BRF:0
BRH:0
end_of_record
TN:
SF:src/test/utils/safe-base/SafeSetup.sol
FN:13,SafeHelpers.safeInitCode
FNDA:0,SafeHelpers.safeInitCode
DA:14,0
FN:25,SafeHelpers.getSafeInitializer
FNDA:0,SafeHelpers.getSafeInitializer
DA:34,0
DA:38,0
DA:40,0
DA:43,0
DA:50,0
DA:58,0
DA:63,0
DA:64,0
DA:65,0
FNF:2
FNH:0
LF:10
LH:0
BRF:0
BRH:0
end_of_record
TN:
SF:test/TestTemplate.t.sol
FN:7,MockValidatorTest.setUp
FNDA:0,MockValidatorTest.setUp
FNF:1
FNH:0
LF:0
LH:0
BRF:0
BRH:0
end_of_record
TN:
SF:test/core/ComposableConditionManager.t.sol
FN:13,MockCondition.checkCondition
FNDA:1,MockCondition.checkCondition
DA:22,1
FNF:1
FNH:1
LF:1
LH:1
BRF:0
BRH:0
end_of_record
TN:
SF:test/modulekit/lib/ValidatorSelectionLib.t.sol
FN:10,ValidatorSelectionLibImplementation.decodeValidator
FNDA:1,ValidatorSelectionLibImplementation.decodeValidator
DA:15,1
FN:18,ValidatorSelectionLibImplementation.decodeSignature
FNDA:1,ValidatorSelectionLibImplementation.decodeSignature
DA:23,1
FN:26,ValidatorSelectionLibImplementation.encodeValidator
FNDA:1,ValidatorSelectionLibImplementation.encodeValidator
DA:34,1
FNF:3
FNH:3
LF:3
LH:3
BRF:0
BRH:0
end_of_record
TN:
SF:test/modules/ModuleKitSafe.t.sol
FN:140,TokenReceiver.handle
FNDA:1,TokenReceiver.handle
DA:151,1
DA:152,1
DA:153,1
FNF:1
FNH:1
LF:3
LH:3
BRF:0
BRH:0
end_of_record
TN:
SF:test/test/utils/safe-base/SafeExecutorManager.t.sol
FN:12,SafeExecutorManagerTest.setUp
FNDA:0,SafeExecutorManagerTest.setUp
DA:13,0
DA:14,0
FNF:1
FNH:0
LF:2
LH:0
BRF:0
BRH:0
end_of_record
